{
    "/Users/vincentsjogren/Desktop/x-is-type/src/index.ts": {
        "path": "/Users/vincentsjogren/Desktop/x-is-type/src/index.ts",
        "statementMap": {
            "0": {
                "start": { "line": 4, "column": 21 },
                "end": { "line": 5, "column": 45 }
            },
            "1": {
                "start": { "line": 5, "column": 4 },
                "end": { "line": 5, "column": 45 }
            },
            "2": {
                "start": { "line": 4, "column": 13 },
                "end": { "line": 4, "column": 21 }
            },
            "3": {
                "start": { "line": 7, "column": 21 },
                "end": { "line": 7, "column": 71 }
            },
            "4": {
                "start": { "line": 7, "column": 50 },
                "end": { "line": 7, "column": 71 }
            },
            "5": {
                "start": { "line": 7, "column": 13 },
                "end": { "line": 7, "column": 21 }
            },
            "6": {
                "start": { "line": 9, "column": 22 },
                "end": { "line": 9, "column": 74 }
            },
            "7": {
                "start": { "line": 9, "column": 52 },
                "end": { "line": 9, "column": 74 }
            },
            "8": {
                "start": { "line": 9, "column": 13 },
                "end": { "line": 9, "column": 22 }
            },
            "9": {
                "start": { "line": 11, "column": 21 },
                "end": { "line": 14, "column": 62 }
            },
            "10": {
                "start": { "line": 14, "column": 4 },
                "end": { "line": 14, "column": 62 }
            },
            "11": {
                "start": { "line": 11, "column": 13 },
                "end": { "line": 11, "column": 21 }
            },
            "12": {
                "start": { "line": 16, "column": 21 },
                "end": { "line": 16, "column": 69 }
            },
            "13": {
                "start": { "line": 16, "column": 53 },
                "end": { "line": 16, "column": 69 }
            },
            "14": {
                "start": { "line": 16, "column": 13 },
                "end": { "line": 16, "column": 21 }
            },
            "15": {
                "start": { "line": 18, "column": 20 },
                "end": { "line": 19, "column": 27 }
            },
            "16": {
                "start": { "line": 19, "column": 4 },
                "end": { "line": 19, "column": 27 }
            },
            "17": {
                "start": { "line": 18, "column": 13 },
                "end": { "line": 18, "column": 20 }
            },
            "18": {
                "start": { "line": 21, "column": 22 },
                "end": { "line": 21, "column": 59 }
            },
            "19": {
                "start": { "line": 21, "column": 49 },
                "end": { "line": 21, "column": 59 }
            },
            "20": {
                "start": { "line": 21, "column": 13 },
                "end": { "line": 21, "column": 22 }
            },
            "21": {
                "start": { "line": 23, "column": 23 },
                "end": { "line": 23, "column": 79 }
            },
            "22": {
                "start": { "line": 23, "column": 55 },
                "end": { "line": 23, "column": 79 }
            },
            "23": {
                "start": { "line": 23, "column": 13 },
                "end": { "line": 23, "column": 23 }
            },
            "24": {
                "start": { "line": 25, "column": 22 },
                "end": { "line": 25, "column": 66 }
            },
            "25": {
                "start": { "line": 25, "column": 49 },
                "end": { "line": 25, "column": 66 }
            },
            "26": {
                "start": { "line": 25, "column": 13 },
                "end": { "line": 25, "column": 22 }
            },
            "27": {
                "start": { "line": 27, "column": 24 },
                "end": { "line": 27, "column": 74 }
            },
            "28": {
                "start": { "line": 27, "column": 53 },
                "end": { "line": 27, "column": 74 }
            },
            "29": {
                "start": { "line": 27, "column": 13 },
                "end": { "line": 27, "column": 24 }
            },
            "30": {
                "start": { "line": 29, "column": 21 },
                "end": { "line": 30, "column": 20 }
            },
            "31": {
                "start": { "line": 30, "column": 4 },
                "end": { "line": 30, "column": 20 }
            },
            "32": {
                "start": { "line": 29, "column": 13 },
                "end": { "line": 29, "column": 21 }
            },
            "33": {
                "start": { "line": 32, "column": 21 },
                "end": { "line": 32, "column": 72 }
            },
            "34": {
                "start": { "line": 32, "column": 56 },
                "end": { "line": 32, "column": 72 }
            },
            "35": {
                "start": { "line": 32, "column": 13 },
                "end": { "line": 32, "column": 21 }
            },
            "36": {
                "start": { "line": 39, "column": 21 },
                "end": { "line": 40, "column": 40 }
            },
            "37": {
                "start": { "line": 40, "column": 4 },
                "end": { "line": 40, "column": 40 }
            },
            "38": {
                "start": { "line": 39, "column": 13 },
                "end": { "line": 39, "column": 21 }
            },
            "39": {
                "start": { "line": 45, "column": 23 },
                "end": { "line": 46, "column": 64 }
            },
            "40": {
                "start": { "line": 46, "column": 4 },
                "end": { "line": 46, "column": 64 }
            },
            "41": {
                "start": { "line": 45, "column": 13 },
                "end": { "line": 45, "column": 23 }
            },
            "42": {
                "start": { "line": 48, "column": 27 },
                "end": { "line": 49, "column": 51 }
            },
            "43": {
                "start": { "line": 49, "column": 4 },
                "end": { "line": 49, "column": 51 }
            },
            "44": {
                "start": { "line": 48, "column": 13 },
                "end": { "line": 48, "column": 27 }
            }
        },
        "fnMap": {
            "0": {
                "name": "(anonymous_0)",
                "decl": {
                    "start": { "line": 4, "column": 21 },
                    "end": { "line": 4, "column": 22 }
                },
                "loc": {
                    "start": { "line": 5, "column": 4 },
                    "end": { "line": 5, "column": 45 }
                }
            },
            "1": {
                "name": "(anonymous_1)",
                "decl": {
                    "start": { "line": 7, "column": 21 },
                    "end": { "line": 7, "column": 22 }
                },
                "loc": {
                    "start": { "line": 7, "column": 50 },
                    "end": { "line": 7, "column": 71 }
                }
            },
            "2": {
                "name": "(anonymous_2)",
                "decl": {
                    "start": { "line": 9, "column": 22 },
                    "end": { "line": 9, "column": 23 }
                },
                "loc": {
                    "start": { "line": 9, "column": 52 },
                    "end": { "line": 9, "column": 74 }
                }
            },
            "3": {
                "name": "(anonymous_3)",
                "decl": {
                    "start": { "line": 11, "column": 21 },
                    "end": { "line": 11, "column": null }
                },
                "loc": {
                    "start": { "line": 14, "column": 4 },
                    "end": { "line": 14, "column": 62 }
                }
            },
            "4": {
                "name": "(anonymous_4)",
                "decl": {
                    "start": { "line": 16, "column": 21 },
                    "end": { "line": 16, "column": 22 }
                },
                "loc": {
                    "start": { "line": 16, "column": 53 },
                    "end": { "line": 16, "column": 69 }
                }
            },
            "5": {
                "name": "(anonymous_5)",
                "decl": {
                    "start": { "line": 18, "column": 20 },
                    "end": { "line": 18, "column": 21 }
                },
                "loc": {
                    "start": { "line": 19, "column": 4 },
                    "end": { "line": 19, "column": 27 }
                }
            },
            "6": {
                "name": "(anonymous_6)",
                "decl": {
                    "start": { "line": 21, "column": 22 },
                    "end": { "line": 21, "column": 23 }
                },
                "loc": {
                    "start": { "line": 21, "column": 49 },
                    "end": { "line": 21, "column": 59 }
                }
            },
            "7": {
                "name": "(anonymous_7)",
                "decl": {
                    "start": { "line": 23, "column": 23 },
                    "end": { "line": 23, "column": 24 }
                },
                "loc": {
                    "start": { "line": 23, "column": 55 },
                    "end": { "line": 23, "column": 79 }
                }
            },
            "8": {
                "name": "(anonymous_8)",
                "decl": {
                    "start": { "line": 25, "column": 22 },
                    "end": { "line": 25, "column": 23 }
                },
                "loc": {
                    "start": { "line": 25, "column": 49 },
                    "end": { "line": 25, "column": 66 }
                }
            },
            "9": {
                "name": "(anonymous_9)",
                "decl": {
                    "start": { "line": 27, "column": 24 },
                    "end": { "line": 27, "column": 25 }
                },
                "loc": {
                    "start": { "line": 27, "column": 53 },
                    "end": { "line": 27, "column": 74 }
                }
            },
            "10": {
                "name": "(anonymous_10)",
                "decl": {
                    "start": { "line": 29, "column": 21 },
                    "end": { "line": 29, "column": 22 }
                },
                "loc": {
                    "start": { "line": 30, "column": 4 },
                    "end": { "line": 30, "column": 20 }
                }
            },
            "11": {
                "name": "(anonymous_11)",
                "decl": {
                    "start": { "line": 32, "column": 21 },
                    "end": { "line": 32, "column": 22 }
                },
                "loc": {
                    "start": { "line": 32, "column": 56 },
                    "end": { "line": 32, "column": 72 }
                }
            },
            "12": {
                "name": "(anonymous_12)",
                "decl": {
                    "start": { "line": 39, "column": 21 },
                    "end": { "line": 39, "column": 22 }
                },
                "loc": {
                    "start": { "line": 40, "column": 4 },
                    "end": { "line": 40, "column": 40 }
                }
            },
            "13": {
                "name": "(anonymous_13)",
                "decl": {
                    "start": { "line": 45, "column": 23 },
                    "end": { "line": 45, "column": 24 }
                },
                "loc": {
                    "start": { "line": 46, "column": 4 },
                    "end": { "line": 46, "column": 64 }
                }
            },
            "14": {
                "name": "(anonymous_14)",
                "decl": {
                    "start": { "line": 48, "column": 27 },
                    "end": { "line": 48, "column": 28 }
                },
                "loc": {
                    "start": { "line": 49, "column": 4 },
                    "end": { "line": 49, "column": 51 }
                }
            }
        },
        "branchMap": {
            "0": {
                "loc": {
                    "start": { "line": 5, "column": 4 },
                    "end": { "line": 5, "column": 45 }
                },
                "type": "binary-expr",
                "locations": [
                    {
                        "start": { "line": 5, "column": 4 },
                        "end": { "line": 5, "column": 25 }
                    },
                    {
                        "start": { "line": 5, "column": 29 },
                        "end": { "line": 5, "column": 45 }
                    }
                ]
            },
            "1": {
                "loc": {
                    "start": { "line": 14, "column": 4 },
                    "end": { "line": 14, "column": 62 }
                },
                "type": "binary-expr",
                "locations": [
                    {
                        "start": { "line": 14, "column": 4 },
                        "end": { "line": 14, "column": 14 }
                    },
                    {
                        "start": { "line": 14, "column": 18 },
                        "end": { "line": 14, "column": 39 }
                    },
                    {
                        "start": { "line": 14, "column": 43 },
                        "end": { "line": 14, "column": 62 }
                    }
                ]
            },
            "2": {
                "loc": {
                    "start": { "line": 40, "column": 4 },
                    "end": { "line": 40, "column": 40 }
                },
                "type": "binary-expr",
                "locations": [
                    {
                        "start": { "line": 40, "column": 4 },
                        "end": { "line": 40, "column": 25 }
                    },
                    {
                        "start": { "line": 40, "column": 29 },
                        "end": { "line": 40, "column": 40 }
                    }
                ]
            },
            "3": {
                "loc": {
                    "start": { "line": 46, "column": 4 },
                    "end": { "line": 46, "column": 64 }
                },
                "type": "binary-expr",
                "locations": [
                    {
                        "start": { "line": 46, "column": 4 },
                        "end": { "line": 46, "column": 25 }
                    },
                    {
                        "start": { "line": 46, "column": 29 },
                        "end": { "line": 46, "column": 49 }
                    },
                    {
                        "start": { "line": 46, "column": 53 },
                        "end": { "line": 46, "column": 64 }
                    }
                ]
            },
            "4": {
                "loc": {
                    "start": { "line": 49, "column": 4 },
                    "end": { "line": 49, "column": 51 }
                },
                "type": "binary-expr",
                "locations": [
                    {
                        "start": { "line": 49, "column": 4 },
                        "end": { "line": 49, "column": 21 }
                    },
                    {
                        "start": { "line": 49, "column": 25 },
                        "end": { "line": 49, "column": 51 }
                    }
                ]
            }
        },
        "s": {
            "0": 1,
            "1": 4,
            "2": 1,
            "3": 1,
            "4": 4,
            "5": 1,
            "6": 1,
            "7": 6,
            "8": 1,
            "9": 1,
            "10": 6,
            "11": 1,
            "12": 1,
            "13": 4,
            "14": 1,
            "15": 1,
            "16": 5,
            "17": 1,
            "18": 1,
            "19": 5,
            "20": 1,
            "21": 1,
            "22": 4,
            "23": 1,
            "24": 1,
            "25": 3,
            "26": 1,
            "27": 1,
            "28": 5,
            "29": 1,
            "30": 1,
            "31": 4,
            "32": 1,
            "33": 1,
            "34": 4,
            "35": 1,
            "36": 1,
            "37": 6,
            "38": 1,
            "39": 1,
            "40": 5,
            "41": 1,
            "42": 1,
            "43": 5,
            "44": 1
        },
        "f": {
            "0": 4,
            "1": 4,
            "2": 6,
            "3": 6,
            "4": 4,
            "5": 5,
            "6": 5,
            "7": 4,
            "8": 3,
            "9": 5,
            "10": 4,
            "11": 4,
            "12": 6,
            "13": 5,
            "14": 5
        },
        "b": {
            "0": [4, 3],
            "1": [6, 5, 3],
            "2": [6, 6],
            "3": [5, 5, 3],
            "4": [5, 3]
        }
    }
}
