TN:
SF:src/index.ts
FN:4,(anonymous_0)
FN:7,(anonymous_1)
FN:9,(anonymous_2)
FN:11,(anonymous_3)
FN:16,(anonymous_4)
FN:18,(anonymous_5)
FN:21,(anonymous_6)
FN:23,(anonymous_7)
FN:25,(anonymous_8)
FN:27,(anonymous_9)
FN:29,(anonymous_10)
FN:32,(anonymous_11)
FN:39,(anonymous_12)
FN:45,(anonymous_13)
FN:48,(anonymous_14)
FNF:15
FNH:15
FNDA:4,(anonymous_0)
FNDA:4,(anonymous_1)
FNDA:6,(anonymous_2)
FNDA:6,(anonymous_3)
FNDA:4,(anonymous_4)
FNDA:5,(anonymous_5)
FNDA:5,(anonymous_6)
FNDA:4,(anonymous_7)
FNDA:3,(anonymous_8)
FNDA:5,(anonymous_9)
FNDA:4,(anonymous_10)
FNDA:4,(anonymous_11)
FNDA:6,(anonymous_12)
FNDA:5,(anonymous_13)
FNDA:5,(anonymous_14)
DA:4,1
DA:5,4
DA:7,4
DA:9,6
DA:11,1
DA:14,6
DA:16,4
DA:18,1
DA:19,5
DA:21,5
DA:23,4
DA:25,3
DA:27,5
DA:29,1
DA:30,4
DA:32,4
DA:39,1
DA:40,6
DA:45,1
DA:46,5
DA:48,1
DA:49,5
LF:22
LH:22
BRDA:5,0,0,4
BRDA:5,0,1,3
BRDA:14,1,0,6
BRDA:14,1,1,5
BRDA:14,1,2,3
BRDA:40,2,0,6
BRDA:40,2,1,6
BRDA:46,3,0,5
BRDA:46,3,1,5
BRDA:46,3,2,3
BRDA:49,4,0,5
BRDA:49,4,1,3
BRF:12
BRH:12
end_of_record
